This is pdfTeX, Version 3.1415926-1.40.10 (MiKTeX 2.8) (preloaded format=latex 2014.6.12)  11 DEC 2014 05:22
entering extended mode
**dspcompProj2.tex

("C:\Users\Md.Iftekhar\Dropbox\Rochester Academics\Fall 2014\DSP\computer-proje
ct\html\dspcompProj2.tex"
LaTeX2e <2009/09/24>
Babel <v3.8l> and hyphenation patterns for english, dumylang, nohyphenation, ge
rman, ngerman, german-x-2009-06-19, ngerman-x-2009-06-19, french, loaded.
("C:\Program Files (x86)\MiKTeX 2.8\tex\latex\base\article.cls"
Document Class: article 2007/10/19 v1.4h Standard LaTeX document class
("C:\Program Files (x86)\MiKTeX 2.8\tex\latex\base\size10.clo"
File: size10.clo 2007/10/19 v1.4h Standard LaTeX file (size option)
)
\c@part=\count79
\c@section=\count80
\c@subsection=\count81
\c@subsubsection=\count82
\c@paragraph=\count83
\c@subparagraph=\count84
\c@figure=\count85
\c@table=\count86
\abovecaptionskip=\skip41
\belowcaptionskip=\skip42
\bibindent=\dimen102
)
("C:\Program Files (x86)\MiKTeX 2.8\tex\latex\graphics\graphicx.sty"
Package: graphicx 1999/02/16 v1.0f Enhanced LaTeX Graphics (DPC,SPQR)

("C:\Program Files (x86)\MiKTeX 2.8\tex\latex\graphics\keyval.sty"
Package: keyval 1999/03/16 v1.13 key=value parser (DPC)
\KV@toks@=\toks14
)
("C:\Program Files (x86)\MiKTeX 2.8\tex\latex\graphics\graphics.sty"
Package: graphics 2009/02/05 v1.0o Standard LaTeX Graphics (DPC,SPQR)

("C:\Program Files (x86)\MiKTeX 2.8\tex\latex\graphics\trig.sty"
Package: trig 1999/03/16 v1.09 sin cos tan (DPC)
)
("C:\Program Files (x86)\MiKTeX 2.8\tex\latex\00miktex\graphics.cfg"
File: graphics.cfg 2007/01/18 v1.5 graphics configuration of teTeX/TeXLive
)
Package graphics Info: Driver file: dvips.def on input line 91.

("C:\Program Files (x86)\MiKTeX 2.8\tex\latex\graphics\dvips.def"
File: dvips.def 1999/02/16 v3.0i Driver-dependant file (DPC,SPQR)
))
\Gin@req@height=\dimen103
\Gin@req@width=\dimen104
)
("C:\Program Files (x86)\MiKTeX 2.8\tex\latex\graphics\color.sty"
Package: color 2005/11/14 v1.0j Standard LaTeX Color (DPC)

("C:\Program Files (x86)\MiKTeX 2.8\tex\latex\00miktex\color.cfg"
File: color.cfg 2007/01/18 v1.5 color configuration of teTeX/TeXLive
)
Package color Info: Driver file: dvips.def on input line 130.

("C:\Program Files (x86)\MiKTeX 2.8\tex\latex\graphics\dvipsnam.def"
File: dvipsnam.def 1999/02/16 v3.0i Driver-dependant file (DPC,SPQR)
))
("C:\Users\Md.Iftekhar\Dropbox\Rochester Academics\Fall 2014\DSP\computer-proje
ct\html\dspcompProj2.aux")
LaTeX Font Info:    Checking defaults for OML/cmm/m/it on input line 13.
LaTeX Font Info:    ... okay on input line 13.
LaTeX Font Info:    Checking defaults for T1/cmr/m/n on input line 13.
LaTeX Font Info:    ... okay on input line 13.
LaTeX Font Info:    Checking defaults for OT1/cmr/m/n on input line 13.
LaTeX Font Info:    ... okay on input line 13.
LaTeX Font Info:    Checking defaults for OMS/cmsy/m/n on input line 13.
LaTeX Font Info:    ... okay on input line 13.
LaTeX Font Info:    Checking defaults for OMX/cmex/m/n on input line 13.
LaTeX Font Info:    ... okay on input line 13.
LaTeX Font Info:    Checking defaults for U/cmr/m/n on input line 13.
LaTeX Font Info:    ... okay on input line 13.

Overfull \hbox (6.74693pt too wide) in paragraph at lines 127--127
[]\OT1/cmtt/m/n/10 %-----------------------------------------------------------
-------[] 
 []


Overfull \hbox (6.74693pt too wide) in paragraph at lines 127--127
[]\OT1/cmtt/m/n/10 %  Project Done by: M. Iftekhar Tanveer (itanveer@cs.rochest
er.edu)[] 
 []


Overfull \hbox (6.74693pt too wide) in paragraph at lines 127--127
[]\OT1/cmtt/m/n/10 %-----------------------------------------------------------
-------[] 
 []


Overfull \hbox (43.49661pt too wide) in paragraph at lines 127--127
[]\OT1/cmtt/m/n/10 legend({'\delta = 0','\delta = \pi/4','\delta = \pi/2','\del
ta = 3\pi/4'})[] 
 []

[1

] [2]
Overfull \hbox (32.9967pt too wide) in paragraph at lines 127--127
[]\OT1/cmtt/m/n/10 Hw = [zeros(1,length(ws_l)),ones(1,length(wp_)),zeros(1,leng
th(ws_r))]';[] 
 []


Overfull \hbox (74.99634pt too wide) in paragraph at lines 141--141
[]\OT1/cmtt/m/n/10 Warning: Matrix is close to singular or badly scaled. Result
s may be inaccurate. 
 []


Overfull \hbox (74.99634pt too wide) in paragraph at lines 141--141
[]\OT1/cmtt/m/n/10 Warning: Matrix is close to singular or badly scaled. Result
s may be inaccurate.[] 
 []


Overfull \hbox (74.99634pt too wide) in paragraph at lines 141--141
[]\OT1/cmtt/m/n/10 Warning: Matrix is close to singular or badly scaled. Result
s may be inaccurate.[] 
 []


Overfull \hbox (74.99634pt too wide) in paragraph at lines 141--141
[]\OT1/cmtt/m/n/10 Warning: Matrix is close to singular or badly scaled. Result
s may be inaccurate.[] 
 []


Overfull \hbox (74.99634pt too wide) in paragraph at lines 141--141
[]\OT1/cmtt/m/n/10 Warning: Matrix is close to singular or badly scaled. Result
s may be inaccurate.[] 
 []

File: dspcompProj2_01.eps Graphic file (type eps)
<dspcompProj2_01.eps>
File: dspcompProj2_02.eps Graphic file (type eps)
 <dspcompProj2_02.eps>
File: dspcompProj2_03.eps Graphic file (type eps)
 <dspcompProj2_03.eps> [3] [4]
[5]
("C:\Users\Md.Iftekhar\Dropbox\Rochester Academics\Fall 2014\DSP\computer-proje
ct\html\dspcompProj2.aux") ) 
Here is how much of TeX's memory you used:
 705 strings out of 495286
 9963 string characters out of 3179883
 56922 words of memory out of 3000000
 3959 multiletter control sequences out of 15000+200000
 3808 words of font info for 15 fonts, out of 3000000 for 9000
 14 hyphenation exceptions out of 8191
 25i,5n,19p,207b,242s stack positions out of 5000i,500n,10000p,200000b,50000s

Output written on dspcompProj2.dvi (5 pages, 6168 bytes).
