This is pdfTeX, Version 3.1415926-1.40.10 (MiKTeX 2.8) (preloaded format=latex 2014.6.12)  1 NOV 2014 18:15
entering extended mode
**hw_template.tex

("C:\Users\Md.Iftekhar\Dropbox\Rochester Academics\Fall 2014\DSP\computer-proje
ct\latex_project_report\hw_template.tex"
LaTeX2e <2009/09/24>
Babel <v3.8l> and hyphenation patterns for english, dumylang, nohyphenation, ge
rman, ngerman, german-x-2009-06-19, ngerman-x-2009-06-19, french, loaded.
("C:\Program Files (x86)\MiKTeX 2.8\tex\latex\base\article.cls"
Document Class: article 2007/10/19 v1.4h Standard LaTeX document class
("C:\Program Files (x86)\MiKTeX 2.8\tex\latex\base\size12.clo"
File: size12.clo 2007/10/19 v1.4h Standard LaTeX file (size option)
)
\c@part=\count79
\c@section=\count80
\c@subsection=\count81
\c@subsubsection=\count82
\c@paragraph=\count83
\c@subparagraph=\count84
\c@figure=\count85
\c@table=\count86
\abovecaptionskip=\skip41
\belowcaptionskip=\skip42
\bibindent=\dimen102
)
("C:\Program Files (x86)\MiKTeX 2.8\tex\latex\ltxmisc\url.sty"
\Urlmuskip=\muskip10
Package: url 2006/04/12  ver 3.3  Verb mode for urls, etc.
)
("C:\Program Files (x86)\MiKTeX 2.8\tex\latex\ams\math\amsmath.sty"
Package: amsmath 2000/07/18 v2.13 AMS math features
\@mathmargin=\skip43

For additional information on amsmath, use the `?' option.
("C:\Program Files (x86)\MiKTeX 2.8\tex\latex\ams\math\amstext.sty"
Package: amstext 2000/06/29 v2.01

("C:\Program Files (x86)\MiKTeX 2.8\tex\latex\ams\math\amsgen.sty"
File: amsgen.sty 1999/11/30 v2.0
\@emptytoks=\toks14
\ex@=\dimen103
))
("C:\Program Files (x86)\MiKTeX 2.8\tex\latex\ams\math\amsbsy.sty"
Package: amsbsy 1999/11/29 v1.2d
\pmbraise@=\dimen104
)
("C:\Program Files (x86)\MiKTeX 2.8\tex\latex\ams\math\amsopn.sty"
Package: amsopn 1999/12/14 v2.01 operator names
)
\inf@bad=\count87
LaTeX Info: Redefining \frac on input line 211.
\uproot@=\count88
\leftroot@=\count89
LaTeX Info: Redefining \overline on input line 307.
\classnum@=\count90
\DOTSCASE@=\count91
LaTeX Info: Redefining \ldots on input line 379.
LaTeX Info: Redefining \dots on input line 382.
LaTeX Info: Redefining \cdots on input line 467.
\Mathstrutbox@=\box26
\strutbox@=\box27
\big@size=\dimen105
LaTeX Font Info:    Redeclaring font encoding OML on input line 567.
LaTeX Font Info:    Redeclaring font encoding OMS on input line 568.
\macc@depth=\count92
\c@MaxMatrixCols=\count93
\dotsspace@=\muskip11
\c@parentequation=\count94
\dspbrk@lvl=\count95
\tag@help=\toks15
\row@=\count96
\column@=\count97
\maxfields@=\count98
\andhelp@=\toks16
\eqnshift@=\dimen106
\alignsep@=\dimen107
\tagshift@=\dimen108
\tagwidth@=\dimen109
\totwidth@=\dimen110
\lineht@=\dimen111
\@envbody=\toks17
\multlinegap=\skip44
\multlinetaggap=\skip45
\mathdisplay@stack=\toks18
LaTeX Info: Redefining \[ on input line 2666.
LaTeX Info: Redefining \] on input line 2667.
)
("C:\Program Files (x86)\MiKTeX 2.8\tex\latex\graphics\graphicx.sty"
Package: graphicx 1999/02/16 v1.0f Enhanced LaTeX Graphics (DPC,SPQR)

("C:\Program Files (x86)\MiKTeX 2.8\tex\latex\graphics\keyval.sty"
Package: keyval 1999/03/16 v1.13 key=value parser (DPC)
\KV@toks@=\toks19
)
("C:\Program Files (x86)\MiKTeX 2.8\tex\latex\graphics\graphics.sty"
Package: graphics 2009/02/05 v1.0o Standard LaTeX Graphics (DPC,SPQR)

("C:\Program Files (x86)\MiKTeX 2.8\tex\latex\graphics\trig.sty"
Package: trig 1999/03/16 v1.09 sin cos tan (DPC)
)
("C:\Program Files (x86)\MiKTeX 2.8\tex\latex\00miktex\graphics.cfg"
File: graphics.cfg 2007/01/18 v1.5 graphics configuration of teTeX/TeXLive
)
Package graphics Info: Driver file: dvips.def on input line 91.

("C:\Program Files (x86)\MiKTeX 2.8\tex\latex\graphics\dvips.def"
File: dvips.def 1999/02/16 v3.0i Driver-dependant file (DPC,SPQR)
))
\Gin@req@height=\dimen112
\Gin@req@width=\dimen113
)
("C:\Program Files (x86)\MiKTeX 2.8\tex\latex\tools\tabularx.sty"
Package: tabularx 1999/01/07 v2.07 `tabularx' package (DPC)

("C:\Program Files (x86)\MiKTeX 2.8\tex\latex\tools\array.sty"
Package: array 2008/09/09 v2.4c Tabular extension package (FMi)
\col@sep=\dimen114
\extrarowheight=\dimen115
\NC@list=\toks20
\extratabsurround=\skip46
\backup@length=\skip47
)
\TX@col@width=\dimen116
\TX@old@table=\dimen117
\TX@old@col=\dimen118
\TX@target=\dimen119
\TX@delta=\dimen120
\TX@cols=\count99
\TX@ftn=\toks21
)
("C:\Program Files (x86)\MiKTeX 2.8\tex\latex\geometry\geometry.sty"
Package: geometry 2008/12/21 v4.2 Page Geometry

("C:\Program Files (x86)\MiKTeX 2.8\tex\generic\oberdiek\ifpdf.sty"
Package: ifpdf 2009/04/10 v2.0 Provides the ifpdf switch (HO)
Package ifpdf Info: pdfTeX in pdf mode not detected.
)
("C:\Program Files (x86)\MiKTeX 2.8\tex\generic\oberdiek\ifvtex.sty"
Package: ifvtex 2008/11/04 v1.4 Switches for detecting VTeX and its modes (HO)
Package ifvtex Info: VTeX not detected.
)
\Gm@cnth=\count100
\Gm@cntv=\count101
\c@Gm@tempcnt=\count102
\Gm@bindingoffset=\dimen121
\Gm@wd@mp=\dimen122
\Gm@odd@mp=\dimen123
\Gm@even@mp=\dimen124
\Gm@dimlist=\toks22

("C:\Program Files (x86)\MiKTeX 2.8\tex\latex\geometry\geometry.cfg"))
("C:\Users\Md.Iftekhar\Dropbox\Rochester Academics\Fall 2014\DSP\computer-proje
ct\latex_project_report\hw_template.aux")
LaTeX Font Info:    Checking defaults for OML/cmm/m/it on input line 14.
LaTeX Font Info:    ... okay on input line 14.
LaTeX Font Info:    Checking defaults for T1/cmr/m/n on input line 14.
LaTeX Font Info:    ... okay on input line 14.
LaTeX Font Info:    Checking defaults for OT1/cmr/m/n on input line 14.
LaTeX Font Info:    ... okay on input line 14.
LaTeX Font Info:    Checking defaults for OMS/cmsy/m/n on input line 14.
LaTeX Font Info:    ... okay on input line 14.
LaTeX Font Info:    Checking defaults for OMX/cmex/m/n on input line 14.
LaTeX Font Info:    ... okay on input line 14.
LaTeX Font Info:    Checking defaults for U/cmr/m/n on input line 14.
LaTeX Font Info:    ... okay on input line 14.

*geometry auto-detecting driver*
*geometry detected driver: dvips*
-------------------- Geometry parameters
paper: class default
landscape: --
twocolumn: --
twoside: --
asymmetric: --
h-parts: 92.14519pt, 0.7\paperwidth , 92.14519pt
v-parts: 63.59662pt, 0.8\paperheight , 95.39496pt
hmarginratio: 1:1
vmarginratio: 2:3
lines: --
heightrounded: --
bindingoffset: 0.0pt
truedimen: --
includehead: --
includefoot: --
includemp: --
driver: dvips
-------------------- Page layout dimensions and switches
\paperwidth  614.295pt
\paperheight 794.96999pt
\textwidth  430.00462pt
\textheight 635.97841pt
\oddsidemargin  19.8752pt
\evensidemargin 19.8752pt
\topmargin  -45.67337pt
\headheight 12.0pt
\headsep    25.0pt
\footskip   30.0pt
\marginparwidth 44.0pt
\marginparsep   10.0pt
\columnsep  10.0pt
\skip\footins  10.8pt plus 4.0pt minus 2.0pt
\hoffset 0.0pt
\voffset 0.0pt
\mag 1000

(1in=72.27pt, 1cm=28.45pt)
-----------------------
Missing character: There is no â in font cmbx12!
Missing character: There is no € in font cmbx12!
Missing character: There is no “ in font cmbx12!

Underfull \hbox (badness 10000) in paragraph at lines 17--20

 []

File: spectralestimate.eps Graphic file (type eps)
<spectralestimate.eps>
File: spectralestimate_FFTsize.eps Graphic file (type eps)
 <spectralestimate_FFTsize.eps>
File: spectralestimate_FFTsize_Zoomed.eps Graphic file (type eps)

<spectralestimate_FFTsize_Zoomed.eps>

LaTeX Warning: `h' float specifier changed to `ht'.


LaTeX Warning: `h' float specifier changed to `ht'.

[1

] [2]
File: spectralestimate_transform.eps Graphic file (type eps)
 <spectralestimate_transform.eps>

LaTeX Warning: `h' float specifier changed to `ht'.

[3]
Overfull \hbox (14.79308pt too wide) in paragraph at lines 123--123
[]\OT1/cmr/bx/n/17.28 Calculating Spec-to-graph of Ashokan Farewell.wav 
 []

File: spectra.eps Graphic file (type eps)
<spectra.eps>
Overfull \hbox (30.10347pt too wide) in paragraph at lines 126--127
 [][] 
 []


LaTeX Warning: Float too large for page by 18.20694pt on input line 129.

[4] [5] [6]
Overfull \hbox (14.5956pt too wide) in paragraph at lines 306--306
[]\OT1/cmtt/m/n/12 plotSpectrums({NoiseSpectrum2048,NoiseSpectrum1024,NoiseSpec
trum512, ...[] 
 []


Overfull \hbox (2.24559pt too wide) in paragraph at lines 306--306
[]    \OT1/cmtt/m/n/12 NoiseSpectrum256},Fs,{'NoiseSpectrum2048','NoiseSpectrum
1024', ...[] 
 []

[7]
Overfull \hbox (63.99562pt too wide) in paragraph at lines 306--306
[]\OT1/cmtt/m/n/12 title('Spectrum of a White Noise after transformed by y[n] =
 x[n] - 0.9*x[n-1]')[] 
 []


Overfull \hbox (20.7706pt too wide) in paragraph at lines 306--306
[]\OT1/cmtt/m/n/12 title({'Spectograph of Ashokan Farewell','Skip = 8192, FFTsi
ze = 16384'})[] 
 []


Overfull \hbox (14.5956pt too wide) in paragraph at lines 306--306
[]\OT1/cmtt/m/n/12 title({'Spectograph of Ashokan Farewell','Skip = 2048, FFTsi
ze = 4096'})[] 
 []


Overfull \hbox (2.24559pt too wide) in paragraph at lines 306--306
[]\OT1/cmtt/m/n/12 title({'Spectograph of Ashokan Farewell','Skip = 512, FFTsiz
e = 256'})[] 
 []


Overfull \hbox (26.9456pt too wide) in paragraph at lines 306--306
[]\OT1/cmtt/m/n/12 % ========================= Helper functions ===============
==============[] 
 []

[8]
Overfull \hbox (57.82062pt too wide) in paragraph at lines 306--306
[]    \OT1/cmtt/m/n/12 spec = EstimateSpectrum(x((1:(Fs*1024)) + (idx-1)*(Fs*10
24)),skip,FFTsize);[] 
 []

[9]
File: projMain_01.eps Graphic file (type eps)
 <projMain_01.eps>
File: projMain_02.eps Graphic file (type eps)
 <projMain_02.eps> [10]
File: projMain_03.eps Graphic file (type eps)
 <projMain_03.eps>
File: projMain_04.eps Graphic file (type eps)

<projMain_04.eps> [11] [12]
("C:\Users\Md.Iftekhar\Dropbox\Rochester Academics\Fall 2014\DSP\computer-proje
ct\latex_project_report\hw_template.aux") ) 
Here is how much of TeX's memory you used:
 1714 strings out of 495286
 22366 string characters out of 3179883
 78948 words of memory out of 3000000
 4919 multiletter control sequences out of 15000+200000
 8132 words of font info for 30 fonts, out of 3000000 for 9000
 14 hyphenation exceptions out of 8191
 27i,17n,20p,1113b,259s stack positions out of 5000i,500n,10000p,200000b,50000s

Output written on hw_template.dvi (12 pages, 17912 bytes).
